<?xml version="1.0" encoding="UTF-8"?>
<!-- Generated by org.testng.reporters.JUnitReportReporter -->
<testsuite name="com.testcases.TC_001_Validate_Search_Listing_page" tests="1" time="72.539" ignored="0" failures="0" timestamp="17 Jul 2020 07:57:44 GMT" skipped="0" hostname="DESKTOP-8FKLJ50" errors="0">
  <testcase name="tC_001_Validate_Search_Listing_page" time="72.539" classname="com.testcases.TC_001_Validate_Search_Listing_page"/>
</testsuite> <!-- com.testcases.TC_001_Validate_Search_Listing_page -->
