<?xml version="1.0" encoding="UTF-8"?>
<!-- Generated by org.testng.reporters.JUnitReportReporter -->
<testsuite name="com.testcases.TC_002_Validate_NearBy_Homes_page" tests="1" time="135.393" ignored="0" failures="0" timestamp="17 Jul 2020 11:50:25 GMT" skipped="0" hostname="DESKTOP-8FKLJ50" errors="0">
  <testcase name="tC_002_Validate_NearBy_Homes_page" time="135.393" classname="com.testcases.TC_002_Validate_NearBy_Homes_page"/>
</testsuite> <!-- com.testcases.TC_002_Validate_NearBy_Homes_page -->
